[2023-09-14 17:05:24] local.ERROR: There are no commands defined in the "make:" namespace.

Did you mean this?
    make {"exception":"[object] (Symfony\\Component\\Console\\Exception\\NamespaceNotFoundException(code: 0): There are no commands defined in the \"make:\" namespace.

Did you mean this?
    make at C:\\dev\\bug\\bug-report\\vendor\\symfony\\console\\Application.php:657)
[stacktrace]
#0 C:\\dev\\bug\\bug-report\\vendor\\symfony\\console\\Application.php(708): Symfony\\Component\\Console\\Application->findNamespace('make:')
#1 C:\\dev\\bug\\bug-report\\vendor\\symfony\\console\\Application.php(262): Symfony\\Component\\Console\\Application->find('make::command')
#2 C:\\dev\\bug\\bug-report\\vendor\\symfony\\console\\Application.php(174): Symfony\\Component\\Console\\Application->doRun(Object(Symfony\\Component\\Console\\Input\\ArgvInput), Object(Symfony\\Component\\Console\\Output\\ConsoleOutput))
#3 C:\\dev\\bug\\bug-report\\vendor\\laravel\\framework\\src\\Illuminate\\Foundation\\Console\\Kernel.php(201): Symfony\\Component\\Console\\Application->run(Object(Symfony\\Component\\Console\\Input\\ArgvInput), Object(Symfony\\Component\\Console\\Output\\ConsoleOutput))
#4 C:\\dev\\bug\\bug-report\\artisan(35): Illuminate\\Foundation\\Console\\Kernel->handle(Object(Symfony\\Component\\Console\\Input\\ArgvInput), Object(Symfony\\Component\\Console\\Output\\ConsoleOutput))
#5 {main}
"} 
[2023-09-14 17:09:18] local.DEBUG: Accessing password does not throw a MissingAttributeException because it is casted. This is unexpected behavior  
[2023-09-14 17:09:18] local.DEBUG: Accessing name throws a MissingAttributeException because it is not casted. This is the expected behavior  
[2023-09-14 17:09:18] local.ERROR: The attribute [name] either does not exist or was not retrieved for model [App\Models\User]. {"exception":"[object] (Illuminate\\Database\\Eloquent\\MissingAttributeException(code: 0): The attribute [name] either does not exist or was not retrieved for model [App\\Models\\User]. at C:\\dev\\bug\\bug-report\\vendor\\laravel\\framework\\src\\Illuminate\\Database\\Eloquent\\Concerns\\HasAttributes.php:474)
[stacktrace]
#0 C:\\dev\\bug\\bug-report\\vendor\\laravel\\framework\\src\\Illuminate\\Database\\Eloquent\\Concerns\\HasAttributes.php(454): Illuminate\\Database\\Eloquent\\Model->throwMissingAttributeExceptionIfApplicable('name')
#1 C:\\dev\\bug\\bug-report\\vendor\\laravel\\framework\\src\\Illuminate\\Database\\Eloquent\\Model.php(2225): Illuminate\\Database\\Eloquent\\Model->getAttribute('name')
#2 C:\\dev\\bug\\bug-report\\app\\Console\\Commands\\Debug.php(41): Illuminate\\Database\\Eloquent\\Model->__get('name')
#3 C:\\dev\\bug\\bug-report\\vendor\\laravel\\framework\\src\\Illuminate\\Container\\BoundMethod.php(36): App\\Console\\Commands\\Debug->handle()
#4 C:\\dev\\bug\\bug-report\\vendor\\laravel\\framework\\src\\Illuminate\\Container\\Util.php(41): Illuminate\\Container\\BoundMethod::Illuminate\\Container\\{closure}()
#5 C:\\dev\\bug\\bug-report\\vendor\\laravel\\framework\\src\\Illuminate\\Container\\BoundMethod.php(93): Illuminate\\Container\\Util::unwrapIfClosure(Object(Closure))
#6 C:\\dev\\bug\\bug-report\\vendor\\laravel\\framework\\src\\Illuminate\\Container\\BoundMethod.php(35): Illuminate\\Container\\BoundMethod::callBoundMethod(Object(Illuminate\\Foundation\\Application), Array, Object(Closure))
#7 C:\\dev\\bug\\bug-report\\vendor\\laravel\\framework\\src\\Illuminate\\Container\\Container.php(662): Illuminate\\Container\\BoundMethod::call(Object(Illuminate\\Foundation\\Application), Array, Array, NULL)
#8 C:\\dev\\bug\\bug-report\\vendor\\laravel\\framework\\src\\Illuminate\\Console\\Command.php(211): Illuminate\\Container\\Container->call(Array)
#9 C:\\dev\\bug\\bug-report\\vendor\\symfony\\console\\Command\\Command.php(326): Illuminate\\Console\\Command->execute(Object(Symfony\\Component\\Console\\Input\\ArgvInput), Object(Illuminate\\Console\\OutputStyle))
#10 C:\\dev\\bug\\bug-report\\vendor\\laravel\\framework\\src\\Illuminate\\Console\\Command.php(180): Symfony\\Component\\Console\\Command\\Command->run(Object(Symfony\\Component\\Console\\Input\\ArgvInput), Object(Illuminate\\Console\\OutputStyle))
#11 C:\\dev\\bug\\bug-report\\vendor\\symfony\\console\\Application.php(1081): Illuminate\\Console\\Command->run(Object(Symfony\\Component\\Console\\Input\\ArgvInput), Object(Symfony\\Component\\Console\\Output\\ConsoleOutput))
#12 C:\\dev\\bug\\bug-report\\vendor\\symfony\\console\\Application.php(320): Symfony\\Component\\Console\\Application->doRunCommand(Object(App\\Console\\Commands\\Debug), Object(Symfony\\Component\\Console\\Input\\ArgvInput), Object(Symfony\\Component\\Console\\Output\\ConsoleOutput))
#13 C:\\dev\\bug\\bug-report\\vendor\\symfony\\console\\Application.php(174): Symfony\\Component\\Console\\Application->doRun(Object(Symfony\\Component\\Console\\Input\\ArgvInput), Object(Symfony\\Component\\Console\\Output\\ConsoleOutput))
#14 C:\\dev\\bug\\bug-report\\vendor\\laravel\\framework\\src\\Illuminate\\Foundation\\Console\\Kernel.php(201): Symfony\\Component\\Console\\Application->run(Object(Symfony\\Component\\Console\\Input\\ArgvInput), Object(Symfony\\Component\\Console\\Output\\ConsoleOutput))
#15 C:\\dev\\bug\\bug-report\\artisan(35): Illuminate\\Foundation\\Console\\Kernel->handle(Object(Symfony\\Component\\Console\\Input\\ArgvInput), Object(Symfony\\Component\\Console\\Output\\ConsoleOutput))
#16 {main}
"} 
[2023-09-14 17:09:23] local.ERROR: Command "run" is not defined.

Did you mean one of these?
    cache:prune-stale-tags
    model:prune
    queue:prune-batches
    queue:prune-failed
    sanctum:prune-expired
    schedule:run {"exception":"[object] (Symfony\\Component\\Console\\Exception\\CommandNotFoundException(code: 0): Command \"run\" is not defined.

Did you mean one of these?
    cache:prune-stale-tags
    model:prune
    queue:prune-batches
    queue:prune-failed
    sanctum:prune-expired
    schedule:run at C:\\dev\\bug\\bug-report\\vendor\\symfony\\console\\Application.php:725)
[stacktrace]
#0 C:\\dev\\bug\\bug-report\\vendor\\symfony\\console\\Application.php(262): Symfony\\Component\\Console\\Application->find('run')
#1 C:\\dev\\bug\\bug-report\\vendor\\symfony\\console\\Application.php(174): Symfony\\Component\\Console\\Application->doRun(Object(Symfony\\Component\\Console\\Input\\ArgvInput), Object(Symfony\\Component\\Console\\Output\\ConsoleOutput))
#2 C:\\dev\\bug\\bug-report\\vendor\\laravel\\framework\\src\\Illuminate\\Foundation\\Console\\Kernel.php(201): Symfony\\Component\\Console\\Application->run(Object(Symfony\\Component\\Console\\Input\\ArgvInput), Object(Symfony\\Component\\Console\\Output\\ConsoleOutput))
#3 C:\\dev\\bug\\bug-report\\artisan(35): Illuminate\\Foundation\\Console\\Kernel->handle(Object(Symfony\\Component\\Console\\Input\\ArgvInput), Object(Symfony\\Component\\Console\\Output\\ConsoleOutput))
#4 {main}
"} 
[2023-09-14 17:09:35] local.DEBUG: Accessing password does not throw a MissingAttributeException because it is casted. This is unexpected behavior  
[2023-09-14 17:09:35] local.DEBUG: Accessing name throws a MissingAttributeException because it is not casted. This is the expected behavior  
[2023-09-14 17:09:35] local.ERROR: The attribute [name] either does not exist or was not retrieved for model [App\Models\User]. {"exception":"[object] (Illuminate\\Database\\Eloquent\\MissingAttributeException(code: 0): The attribute [name] either does not exist or was not retrieved for model [App\\Models\\User]. at C:\\dev\\bug\\bug-report\\vendor\\laravel\\framework\\src\\Illuminate\\Database\\Eloquent\\Concerns\\HasAttributes.php:474)
[stacktrace]
#0 C:\\dev\\bug\\bug-report\\vendor\\laravel\\framework\\src\\Illuminate\\Database\\Eloquent\\Concerns\\HasAttributes.php(454): Illuminate\\Database\\Eloquent\\Model->throwMissingAttributeExceptionIfApplicable('name')
#1 C:\\dev\\bug\\bug-report\\vendor\\laravel\\framework\\src\\Illuminate\\Database\\Eloquent\\Model.php(2225): Illuminate\\Database\\Eloquent\\Model->getAttribute('name')
#2 C:\\dev\\bug\\bug-report\\app\\Console\\Commands\\Debug.php(41): Illuminate\\Database\\Eloquent\\Model->__get('name')
#3 C:\\dev\\bug\\bug-report\\vendor\\laravel\\framework\\src\\Illuminate\\Container\\BoundMethod.php(36): App\\Console\\Commands\\Debug->handle()
#4 C:\\dev\\bug\\bug-report\\vendor\\laravel\\framework\\src\\Illuminate\\Container\\Util.php(41): Illuminate\\Container\\BoundMethod::Illuminate\\Container\\{closure}()
#5 C:\\dev\\bug\\bug-report\\vendor\\laravel\\framework\\src\\Illuminate\\Container\\BoundMethod.php(93): Illuminate\\Container\\Util::unwrapIfClosure(Object(Closure))
#6 C:\\dev\\bug\\bug-report\\vendor\\laravel\\framework\\src\\Illuminate\\Container\\BoundMethod.php(35): Illuminate\\Container\\BoundMethod::callBoundMethod(Object(Illuminate\\Foundation\\Application), Array, Object(Closure))
#7 C:\\dev\\bug\\bug-report\\vendor\\laravel\\framework\\src\\Illuminate\\Container\\Container.php(662): Illuminate\\Container\\BoundMethod::call(Object(Illuminate\\Foundation\\Application), Array, Array, NULL)
#8 C:\\dev\\bug\\bug-report\\vendor\\laravel\\framework\\src\\Illuminate\\Console\\Command.php(211): Illuminate\\Container\\Container->call(Array)
#9 C:\\dev\\bug\\bug-report\\vendor\\symfony\\console\\Command\\Command.php(326): Illuminate\\Console\\Command->execute(Object(Symfony\\Component\\Console\\Input\\ArgvInput), Object(Illuminate\\Console\\OutputStyle))
#10 C:\\dev\\bug\\bug-report\\vendor\\laravel\\framework\\src\\Illuminate\\Console\\Command.php(180): Symfony\\Component\\Console\\Command\\Command->run(Object(Symfony\\Component\\Console\\Input\\ArgvInput), Object(Illuminate\\Console\\OutputStyle))
#11 C:\\dev\\bug\\bug-report\\vendor\\symfony\\console\\Application.php(1081): Illuminate\\Console\\Command->run(Object(Symfony\\Component\\Console\\Input\\ArgvInput), Object(Symfony\\Component\\Console\\Output\\ConsoleOutput))
#12 C:\\dev\\bug\\bug-report\\vendor\\symfony\\console\\Application.php(320): Symfony\\Component\\Console\\Application->doRunCommand(Object(App\\Console\\Commands\\Debug), Object(Symfony\\Component\\Console\\Input\\ArgvInput), Object(Symfony\\Component\\Console\\Output\\ConsoleOutput))
#13 C:\\dev\\bug\\bug-report\\vendor\\symfony\\console\\Application.php(174): Symfony\\Component\\Console\\Application->doRun(Object(Symfony\\Component\\Console\\Input\\ArgvInput), Object(Symfony\\Component\\Console\\Output\\ConsoleOutput))
#14 C:\\dev\\bug\\bug-report\\vendor\\laravel\\framework\\src\\Illuminate\\Foundation\\Console\\Kernel.php(201): Symfony\\Component\\Console\\Application->run(Object(Symfony\\Component\\Console\\Input\\ArgvInput), Object(Symfony\\Component\\Console\\Output\\ConsoleOutput))
#15 C:\\dev\\bug\\bug-report\\artisan(35): Illuminate\\Foundation\\Console\\Kernel->handle(Object(Symfony\\Component\\Console\\Input\\ArgvInput), Object(Symfony\\Component\\Console\\Output\\ConsoleOutput))
#16 {main}
"} 
[2023-09-14 17:10:31] local.DEBUG: Accessing password does not throw a MissingAttributeException because it is casted. This is unexpected behavior  
[2023-09-14 17:10:31] local.DEBUG: Accessing name throws a MissingAttributeException because it is not casted. This is the expected behavior  
[2023-09-14 17:10:31] local.ERROR: The attribute [name] either does not exist or was not retrieved for model [App\Models\User]. {"exception":"[object] (Illuminate\\Database\\Eloquent\\MissingAttributeException(code: 0): The attribute [name] either does not exist or was not retrieved for model [App\\Models\\User]. at C:\\dev\\bug\\bug-report\\vendor\\laravel\\framework\\src\\Illuminate\\Database\\Eloquent\\Concerns\\HasAttributes.php:474)
[stacktrace]
#0 C:\\dev\\bug\\bug-report\\vendor\\laravel\\framework\\src\\Illuminate\\Database\\Eloquent\\Concerns\\HasAttributes.php(454): Illuminate\\Database\\Eloquent\\Model->throwMissingAttributeExceptionIfApplicable('name')
#1 C:\\dev\\bug\\bug-report\\vendor\\laravel\\framework\\src\\Illuminate\\Database\\Eloquent\\Model.php(2225): Illuminate\\Database\\Eloquent\\Model->getAttribute('name')
#2 C:\\dev\\bug\\bug-report\\app\\Console\\Commands\\Debug.php(41): Illuminate\\Database\\Eloquent\\Model->__get('name')
#3 C:\\dev\\bug\\bug-report\\vendor\\laravel\\framework\\src\\Illuminate\\Container\\BoundMethod.php(36): App\\Console\\Commands\\Debug->handle()
#4 C:\\dev\\bug\\bug-report\\vendor\\laravel\\framework\\src\\Illuminate\\Container\\Util.php(41): Illuminate\\Container\\BoundMethod::Illuminate\\Container\\{closure}()
#5 C:\\dev\\bug\\bug-report\\vendor\\laravel\\framework\\src\\Illuminate\\Container\\BoundMethod.php(93): Illuminate\\Container\\Util::unwrapIfClosure(Object(Closure))
#6 C:\\dev\\bug\\bug-report\\vendor\\laravel\\framework\\src\\Illuminate\\Container\\BoundMethod.php(35): Illuminate\\Container\\BoundMethod::callBoundMethod(Object(Illuminate\\Foundation\\Application), Array, Object(Closure))
#7 C:\\dev\\bug\\bug-report\\vendor\\laravel\\framework\\src\\Illuminate\\Container\\Container.php(662): Illuminate\\Container\\BoundMethod::call(Object(Illuminate\\Foundation\\Application), Array, Array, NULL)
#8 C:\\dev\\bug\\bug-report\\vendor\\laravel\\framework\\src\\Illuminate\\Console\\Command.php(211): Illuminate\\Container\\Container->call(Array)
#9 C:\\dev\\bug\\bug-report\\vendor\\symfony\\console\\Command\\Command.php(326): Illuminate\\Console\\Command->execute(Object(Symfony\\Component\\Console\\Input\\ArgvInput), Object(Illuminate\\Console\\OutputStyle))
#10 C:\\dev\\bug\\bug-report\\vendor\\laravel\\framework\\src\\Illuminate\\Console\\Command.php(180): Symfony\\Component\\Console\\Command\\Command->run(Object(Symfony\\Component\\Console\\Input\\ArgvInput), Object(Illuminate\\Console\\OutputStyle))
#11 C:\\dev\\bug\\bug-report\\vendor\\symfony\\console\\Application.php(1081): Illuminate\\Console\\Command->run(Object(Symfony\\Component\\Console\\Input\\ArgvInput), Object(Symfony\\Component\\Console\\Output\\ConsoleOutput))
#12 C:\\dev\\bug\\bug-report\\vendor\\symfony\\console\\Application.php(320): Symfony\\Component\\Console\\Application->doRunCommand(Object(App\\Console\\Commands\\Debug), Object(Symfony\\Component\\Console\\Input\\ArgvInput), Object(Symfony\\Component\\Console\\Output\\ConsoleOutput))
#13 C:\\dev\\bug\\bug-report\\vendor\\symfony\\console\\Application.php(174): Symfony\\Component\\Console\\Application->doRun(Object(Symfony\\Component\\Console\\Input\\ArgvInput), Object(Symfony\\Component\\Console\\Output\\ConsoleOutput))
#14 C:\\dev\\bug\\bug-report\\vendor\\laravel\\framework\\src\\Illuminate\\Foundation\\Console\\Kernel.php(201): Symfony\\Component\\Console\\Application->run(Object(Symfony\\Component\\Console\\Input\\ArgvInput), Object(Symfony\\Component\\Console\\Output\\ConsoleOutput))
#15 C:\\dev\\bug\\bug-report\\artisan(35): Illuminate\\Foundation\\Console\\Kernel->handle(Object(Symfony\\Component\\Console\\Input\\ArgvInput), Object(Symfony\\Component\\Console\\Output\\ConsoleOutput))
#16 {main}
"} 
